<?xml version="1.0" encoding="UTF-8"?>
<!-- Generated by org.testng.reporters.JUnitReportReporter -->
<testsuite hostname="DESKTOP-89KG4PA" failures="0" tests="2" name="com.actitime.testscript.CustomerModule" time="0.016" errors="0" timestamp="2024-10-01T20:46:35 IST" skipped="0">
  <testcase classname="com.actitime.testscript.CustomerModule" name="editcustomer" time="0.002"/>
  <system-out>
    <![CDATA[edit customer]]>
  </system-out>
  <testcase classname="com.actitime.testscript.CustomerModule" name="createcustomer" time="0.014"/>
  <system-out>
    <![CDATA[create customer]]>
  </system-out>
</testsuite> <!-- com.actitime.testscript.CustomerModule -->
