<?xml version="1.0" encoding="UTF-8"?>
<!-- Generated by org.testng.reporters.JUnitReportReporter -->
<testsuite hostname="DESKTOP-89KG4PA" failures="0" tests="1" name="com.actitime.testscript.DemoAssertion1" time="4.981" errors="0" timestamp="2024-10-01T20:10:19 IST" skipped="0">
  <testcase classname="com.actitime.testscript.DemoAssertion1" name="verifytilee" time="4.981"/>
  <system-out/>
</testsuite> <!-- com.actitime.testscript.DemoAssertion1 -->
