<?xml version="1.0" encoding="UTF-8"?>
<!-- Generated by org.testng.reporters.JUnitReportReporter -->
<testsuite hostname="DESKTOP-89KG4PA" failures="0" tests="1" name="com.actitime.testscript.DemoAssertion" time="4.600" errors="0" timestamp="2024-10-01T19:59:43 IST" skipped="0">
  <testcase classname="com.actitime.testscript.DemoAssertion" name="verifytitle" time="4.600"/>
  <system-out>
    <![CDATA[title is not matching and fail]]>
  </system-out>
</testsuite> <!-- com.actitime.testscript.DemoAssertion -->
